<?xml version="1.0" encoding="UTF-8"?>
<!-- Generated by org.testng.reporters.JUnitXMLReporter -->
<testsuite ignored="1" hostname="Swaraj-Shinde" failures="0" tests="1" name="Default test" time="6.016" errors="0" timestamp="2025-06-24T16:59:23 IST">
  <testcase classname="com.testcases.LoginFunctionalityUsingKeywordFramework" name="continue_With_Empty_Input_Using_Keyword" time="5.959"/>
  <testcase classname="com.testcases.LoginFunctionalityUsingKeywordFramework" name="continue_With_Empty_Input" time="0.0">
    <ignored/>
  </testcase> <!-- continue_With_Empty_Input -->
</testsuite> <!-- Default test -->
