<?xml version="1.0" encoding="UTF-8"?>
<testng-results ignored="0" total="1" passed="1" failed="0" skipped="0">
  <reporter-output>
  </reporter-output>
  <suite started-at="2025-06-24T16:59:17 IST" name="Default suite" finished-at="2025-06-24T16:59:23 IST" duration-ms="6016">
    <groups>
    </groups>
    <test started-at="2025-06-24T16:59:17 IST" name="Default test" finished-at="2025-06-24T16:59:23 IST" duration-ms="6016">
      <class name="com.testcases.LoginFunctionalityUsingKeywordFramework">
        <test-method signature="continue_With_Empty_Input_Using_Keyword()[pri:0, instance:com.testcases.LoginFunctionalityUsingKeywordFramework@5dda768f]" started-at="2025-06-24T16:59:17 IST" name="continue_With_Empty_Input_Using_Keyword" finished-at="2025-06-24T16:59:23 IST" duration-ms="5959" status="PASS">
          <reporter-output>
          </reporter-output>
        </test-method> <!-- continue_With_Empty_Input_Using_Keyword -->
      </class> <!-- com.testcases.LoginFunctionalityUsingKeywordFramework -->
    </test> <!-- Default test -->
  </suite> <!-- Default suite -->
</testng-results>
